[config] hybrid mode: cannot load dataset (), falling back to pure verb
[config] hybrid mode: loaded 20578 labeled frames from dataset
[config] hybrid mode: loaded 20578 labeled frames from dataset
[config] hybrid mode: loaded 20578 labeled frames from dataset
[config] hybrid mode: loaded 20578 labeled frames from dataset
[config] hybrid mode: loaded 20578 labeled frames from dataset
[config] hybrid mode: loaded 20578 labeled frames from dataset
[config] hybrid mode: loaded 20578 labeled frames from dataset
[config] hybrid mode: loaded 20578 labeled frames from dataset
[config] hybrid mode: loaded 20578 labeled frames from dataset
[config] hybrid mode: loaded 20578 labeled frames from dataset
[config] hybrid mode: loaded 20578 labeled frames from dataset
[config] hybrid mode: loaded 20578 labeled frames from dataset
[config] hybrid mode: loaded 20578 labeled frames from dataset
[config] hybrid mode: loaded 20578 labeled frames from dataset
[config] hybrid mode: loaded 20578 labeled frames from dataset
[config] hybrid mode: loaded 20578 labeled frames from dataset
[config] hybrid mode: loaded 20578 labeled frames from dataset
[config] hybrid mode: loaded 20578 labeled frames from dataset
[config] hybrid mode: loaded 20578 labeled frames from dataset
[config] hybrid mode: loaded 20578 labeled frames from dataset
[config] hybrid mode: loaded 20578 labeled frames from dataset
[config] hybrid mode: loaded 20578 labeled frames from dataset
[config] hybrid mode: loaded 20578 labeled frames from dataset
[config] hybrid mode: loaded 20578 labeled frames from dataset
[config] hybrid mode: loaded 20578 labeled frames from dataset
[config] hybrid mode: loaded 20578 labeled frames from dataset
[config] hybrid mode: loaded 20578 labeled frames from dataset
[config] hybrid mode: loaded 20578 labeled frames from dataset
[config] hybrid mode: loaded 20578 labeled frames from dataset
[config] hybrid mode: loaded 20578 labeled frames from dataset
[config] hybrid mode: loaded 20578 labeled frames from dataset
[config] hybrid mode: loaded 20578 labeled frames from dataset
[config] hybrid mode: loaded 20578 labeled frames from dataset
[config] hybrid mode: loaded 20578 labeled frames from dataset
[config] hybrid mode: loaded 20578 labeled frames from dataset
[config] hybrid mode: loaded 20578 labeled frames from dataset
[config] hybrid mode: loaded 20578 labeled frames from dataset
[config] hybrid mode: loaded 20578 labeled frames from dataset
[config] hybrid mode: loaded 20578 labeled frames from dataset
[config] hybrid mode: loaded 20578 labeled frames from dataset
[config] hybrid mode: loaded 20578 labeled frames from dataset
[config] hybrid mode: loaded 20578 labeled frames from dataset
[config] DET_GT_FRAME_FRACTION = 0.40 (train_det=True, train_act=True, train_psr=True)
[config] Applied preset "stage_rf4": RF4: All heads + PSR transition (100% data, 20 ep, verb-grouping).
[train] Applied preset: stage_rf4 (MIXED_PRECISION=False, STAGED_TRAINING=False, ZERO_DET_CONF_FOR_RECOVERY=False, USE_EMA=True, USE_MIXUP=False, BATCH_SIZE=4x8)
[train] Stage preset detected — redirected OUTPUT_ROOT to /media/newadmin/master/POPW/working/code/industreal_improved/code/industreal_improved/src/runs/rf_stages
[train] TRAIN_MAX_STEPS=50 — will early-stop at this step count
[train] STAGED_TRAINING=False — all 5 heads active from epoch 0
Config hash: d1d56a891edd1511  (seed=42)
Config hash details: {"ALLOW_TF32": true, "BACKBONE": "convnext_tiny", "BASE_LR": 0.0005, "BATCH_SIZE": 4, "CUDNN_BENCHMARK": true, "CUDNN_DETERMINISTIC": false, "CUTMIX_ALPHA": 0.0, "EMA_DECAY": 0.995, "EPOCHS": 2, "FEAT
Config snapshot saved to /media/newadmin/master/POPW/working/code/industreal_improved/code/industreal_improved/src/runs/rf_stages/checkpoints/config.py
Device: cuda
GPU : NVIDIA GeForce RTX 5060 Ti
VRAM: 16.6 GB
[LOCK] Stale lock from dead PID 245441 — cleaning up
[LOCK] PID lock acquired: PID=686562, GPU=0
Could not log git commit: Command '['git', 'rev-parse', 'HEAD']' returned non-zero exit status 128.
Library versions: torch=2.12.1+cu130  torchvision=2.12.1+cu130  CUDA=13.0  Python=3.13.13
[CHECKLIST 34] Command and env vars saved to /media/newadmin/master/POPW/working/code/industreal_improved/code/industreal_improved/src/runs/rf_stages/logs/run_command.txt
Process nice level increased by +10.
Torch CPU threads capped: intraop=12 interop=4
CUDA memory fraction cap enabled: 0.95.
Ablation: TRAIN_DET=True  TRAIN_HEAD_POSE=True  TRAIN_ACT=True  TRAIN_PSR=True  USE_KENDALL=True
Config: DET_POS_IOU_THRESH=0.4  DET_POS_IOU_TOP_K=9  DET_POS_IOU_IOU_FLOOR=0.2  DET_OHEM_ENABLED=True  DET_ASYMMETRIC_GAMMA=True  DET_BIAS_LR_FACTOR=1.0  DET_LR_MULTIPLIER=1.0  KENDALL_HP_PREC_CAP=True  KENDALL_FIXED_WEIGHTS=False  KENDALL_HP_FIXED_LAMBDA=0.2  KENDALL_STAGED_TRAINING=False  DET_POS_ANCHOR_PROBE_EVERY=1000  _STAGE_NAME=
[CHECKLIST 32] Resolved config dumped to /media/newadmin/master/POPW/working/code/industreal_improved/code/industreal_improved/src/runs/rf_stages/logs/resolved_config.json (270 keys)
[CHECKLIST 35] === Hyperparameter snapshot ===
  BASE_LR = 0.0005
  DET_LR_MULTIPLIER = 1.0
  DET_BIAS_LR_FACTOR = 1.0
  POSE_LR_MULTIPLIER = None (not explicitly set — using training code default)
  HEAD_POSE_LR_MULTIPLIER = None (not explicitly set — using training code default)
  ACT_LR_MULTIPLIER = None (not explicitly set — using training code default)
  PSR_LR_MULTIPLIER = None (not explicitly set — using training code default)
  WEIGHT_DECAY = 0.001
  LR_SCHEDULER = None (not explicitly set — using training code default)
  LR_WARMUP_EPOCHS = None (not explicitly set — using training code default)
  LR_MIN_RATIO = None (not explicitly set — using training code default)
  CLIP_GRAD_NORM = None (not explicitly set — using training code default)
  BATCH_SIZE = 4
  EFFECTIVE_BATCH = 32
  GRAD_ACCUM_STEPS = 8
  EPOCHS = 2
  MIXED_PRECISION = False
  USE_EMA = True
  EMA_DECAY = 0.995
  USE_MIXUP = False
  LOSS_DET_CLASS_WEIGHT = None (not explicitly set — using training code default)
  LOSS_DET_BOX_WEIGHT = None (not explicitly set — using training code default)
  LOSS_DET_IOU_WEIGHT = None (not explicitly set — using training code default)
  LOSS_POSE_WEIGHT = None (not explicitly set — using training code default)
  LOSS_HEAD_POSE_WEIGHT = None (not explicitly set — using training code default)
  LOSS_ACT_WEIGHT = None (not explicitly set — using training code default)
  LOSS_PSR_WEIGHT = None (not explicitly set — using training code default)
  DET_POS_IOU_THRESH = 0.4
  DET_POS_IOU_TOP_K = 9
  DET_NEG_IOU_THRESH = 0.4
  DET_OHEM_ENABLED = True
  DET_ASYMMETRIC_GAMMA = True
  STAGED_TRAINING = False
  SUBSET_RATIO = 0.02
  NUM_WORKERS = 0
  SEED = 42
[CHECKLIST 35] All 36 hyperparameters validated — OK
[train] Subset ratio=0.02: train 36→4 recs, val 16→4 recs
Building datasets ...
[RAM_CACHE] Pre-loading 2850 train images as JPEG bytes (cap=8000)...
[RAM_CACHE] 1000/2850 scanned — 1000 cached, 3s
[RAM_CACHE] 2000/2850 scanned — 2000 cached, 5s
[RAM_CACHE] Done — 2850 images cached in 5s (~974.1MB estimated)
[industreal_dataset] Loaded 2850 frames (split=train, recordings=4)
[RAM_CACHE] Pre-loading 2000 val images as JPEG bytes (cap=2000)...
[RAM_CACHE] 1000/2000 scanned — 1000 cached, 1s
[RAM_CACHE] Cap reached (2000) — stopping cache fill
[RAM_CACHE] Done — 2000 images cached in 3s (~683.6MB estimated)
[industreal_dataset] Loaded 11978 frames (split=val, recordings=4)
[get_sampler] DET_GT_FRAME_FRACTION=0.40: 324/2850 (11.37%) frames carry GT boxes -> reweighted so ~40% of every batch is GT-bearing (was ~11.37% under base sampler).
[get_sampler] effective per-class sampling mass: 40 classes present, max/min ratio=13.4x (uniform would be 1.0x), max=0.0768 vs uniform=0.0250. Top-5 sampled class ids=[21, 24, 33, 22, 40]. Ratio >> 1 means DET_GT/task-aware reweighting is distorting activity balance.
[RAM_CACHE] Pre-loading 2850 train images as JPEG bytes (cap=8000)...
[RAM_CACHE] 1000/2850 scanned — 1000 cached, 0s
[RAM_CACHE] 2000/2850 scanned — 2000 cached, 0s
[RAM_CACHE] Done — 2850 images cached in 0s (~974.1MB estimated)
[industreal_dataset] Sequence mode: 8516 windows (T=8, stride=1) across 4 recordings
[industreal_dataset] Loaded 2850 frames (split=train, recordings=4)
[get_sampler] DET_GT_FRAME_FRACTION=0.40: 324/2850 (11.37%) frames carry GT boxes -> reweighted so ~40% of every batch is GT-bearing (was ~11.37% under base sampler).
[get_sampler] effective per-class sampling mass: 40 classes present, max/min ratio=13.4x (uniform would be 1.0x), max=0.0768 vs uniform=0.0250. Top-5 sampled class ids=[21, 24, 33, 22, 40]. Ratio >> 1 means DET_GT/task-aware reweighting is distorting activity balance.
[train] PSR sequence mode: len=8,516 samples (8 frames/window, stride=1)
Training samples  : 2,850
Validation samples: 11,978
Train loader: batch=4 workers=0 prefetch=1
Val   loader: batch=4 workers=0 prefetch=2
Building model ...
/media/newadmin/master/POPW/working/code/industreal_improved/code/industreal_improved/src/models/model.py:1589: UserWarning: enable_nested_tensor is True, but self.use_nested_tensor is False because encoder_layer.norm_first was True
  self.transformer = nn.TransformerEncoder(encoder_layer, num_layers=3)
[VRAM] Total=15.48GB Used=0.17GB Free=15.31GB Model=0.17GB Need>=2.00GB
EMA enabled: decay=0.995
Backbone type     : convnext_tiny
HeadPoseFiLM      : True
Hand-FiLM (PoseFiLM): True
VideoMAE stream   : False
Total parameters  : 46,461,714
Trainable params  : 45,013,001
  backbone       : 28,589,128
  fpn            :  4,474,880
  detection      :  5,305,596
  pose_head      :  1,643,793
  pose_film      :    841,216
  headpose_film  :    400,896
  activity_head  :    679,977
  psr_head       :  3,077,515
  feature_bank   :          0
  videomae_stream:          0
PSR per-component prevalence: [1.0, 0.800000011920929, 0.800000011920929, 0.699999988079071, 0.09399999678134918, 0.7369999885559082, 0.7080000042915344, 0.32199999690055847, 0.32199999690055847, 0.1809999942779541, 0.25099998712539673]
Optimizer: AdamW with differential LR (backbone=0.1x, det_head=1x, heads=1x, act=1x, psr=1x, det_head_bias=1x, bias=0.3x, WD=0.001, bias WD=0)
Scheduler: OneCycleLR (pct_start=0.1, steps_per_epoch=1, max_lr=[2.50e-05, 2.50e-04, 2.50e-04, 2.50e-04, 2.50e-04, 2.50e-04, 7.50e-05, 0.00e+00, 2.50e-04])
/media/newadmin/master/POPW/working/code/industreal_improved/code/industreal_improved/src/training/train.py:3732: FutureWarning: `torch.cuda.amp.GradScaler(args...)` is deprecated. Please use `torch.amp.GradScaler('cuda', args...)` instead.
  scaler = torch.cuda.amp.GradScaler(enabled=C.MIXED_PRECISION)
[AUTO-RESUME] crash_recovery.pth (mtime=2026-07-01T16:40:19.012730) is newer than latest.pth (mtime=2026-07-01T04:00:04.449119) — auto-loading for resume. Use --resume latest.pth to ignore crash_recovery.
  Checkpoint load: 378/378 tensors loaded
  Skipped 49 checkpoint key(s) (shape mismatch):
    activity_head.cls_token: ckpt=torch.Size([1, 1, 512])  model=NOT IN MODEL -> re-initialized
    activity_head.tcn.norm.weight: ckpt=torch.Size([512])  model=NOT IN MODEL -> re-initialized
    activity_head.tcn.norm.bias: ckpt=torch.Size([512])  model=NOT IN MODEL -> re-initialized
    activity_head.tcn.depthwise_conv.weight: ckpt=torch.Size([512, 1, 5])  model=NOT IN MODEL -> re-initialized
    activity_head.tcn.depthwise_conv.bias: ckpt=torch.Size([512])  model=NOT IN MODEL -> re-initialized
    activity_head.tcn.pointwise_conv.weight: ckpt=torch.Size([512, 512, 1])  model=NOT IN MODEL -> re-initialized
    activity_head.tcn.pointwise_conv.bias: ckpt=torch.Size([512])  model=NOT IN MODEL -> re-initialized
    activity_head.vit.0.pos_embed: ckpt=torch.Size([1, 1024, 512])  model=NOT IN MODEL -> re-initialized
    activity_head.vit.0.norm1.weight: ckpt=torch.Size([512])  model=NOT IN MODEL -> re-initialized
    activity_head.vit.0.norm1.bias: ckpt=torch.Size([512])  model=NOT IN MODEL -> re-initialized
    activity_head.vit.0.norm2.weight: ckpt=torch.Size([512])  model=NOT IN MODEL -> re-initialized
    activity_head.vit.0.norm2.bias: ckpt=torch.Size([512])  model=NOT IN MODEL -> re-initialized
    activity_head.vit.0.q_proj.weight: ckpt=torch.Size([512, 512])  model=NOT IN MODEL -> re-initialized
    activity_head.vit.0.q_proj.bias: ckpt=torch.Size([512])  model=NOT IN MODEL -> re-initialized
    activity_head.vit.0.k_proj.weight: ckpt=torch.Size([512, 512])  model=NOT IN MODEL -> re-initialized
    activity_head.vit.0.k_proj.bias: ckpt=torch.Size([512])  model=NOT IN MODEL -> re-initialized
    activity_head.vit.0.v_proj.weight: ckpt=torch.Size([512, 512])  model=NOT IN MODEL -> re-initialized
    activity_head.vit.0.v_proj.bias: ckpt=torch.Size([512])  model=NOT IN MODEL -> re-initialized
    activity_head.vit.0.out_proj.weight: ckpt=torch.Size([512, 512])  model=NOT IN MODEL -> re-initialized
    activity_head.vit.0.out_proj.bias: ckpt=torch.Size([512])  model=NOT IN MODEL -> re-initialized
    activity_head.vit.0.ffn.0.weight: ckpt=torch.Size([512])  model=NOT IN MODEL -> re-initialized
    activity_head.vit.0.ffn.0.bias: ckpt=torch.Size([512])  model=NOT IN MODEL -> re-initialized
    activity_head.vit.0.ffn.1.weight: ckpt=torch.Size([2048, 512])  model=NOT IN MODEL -> re-initialized
    activity_head.vit.0.ffn.1.bias: ckpt=torch.Size([2048])  model=NOT IN MODEL -> re-initialized
    activity_head.vit.0.ffn.4.weight: ckpt=torch.Size([512, 2048])  model=NOT IN MODEL -> re-initialized
    activity_head.vit.0.ffn.4.bias: ckpt=torch.Size([512])  model=NOT IN MODEL -> re-initialized
    activity_head.vit.1.pos_embed: ckpt=torch.Size([1, 1024, 512])  model=NOT IN MODEL -> re-initialized
    activity_head.vit.1.norm1.weight: ckpt=torch.Size([512])  model=NOT IN MODEL -> re-initialized
    activity_head.vit.1.norm1.bias: ckpt=torch.Size([512])  model=NOT IN MODEL -> re-initialized
    activity_head.vit.1.norm2.weight: ckpt=torch.Size([512])  model=NOT IN MODEL -> re-initialized
    activity_head.vit.1.norm2.bias: ckpt=torch.Size([512])  model=NOT IN MODEL -> re-initialized
    activity_head.vit.1.q_proj.weight: ckpt=torch.Size([512, 512])  model=NOT IN MODEL -> re-initialized
    activity_head.vit.1.q_proj.bias: ckpt=torch.Size([512])  model=NOT IN MODEL -> re-initialized
    activity_head.vit.1.k_proj.weight: ckpt=torch.Size([512, 512])  model=NOT IN MODEL -> re-initialized
    activity_head.vit.1.k_proj.bias: ckpt=torch.Size([512])  model=NOT IN MODEL -> re-initialized
    activity_head.vit.1.v_proj.weight: ckpt=torch.Size([512, 512])  model=NOT IN MODEL -> re-initialized
    activity_head.vit.1.v_proj.bias: ckpt=torch.Size([512])  model=NOT IN MODEL -> re-initialized
    activity_head.vit.1.out_proj.weight: ckpt=torch.Size([512, 512])  model=NOT IN MODEL -> re-initialized
    activity_head.vit.1.out_proj.bias: ckpt=torch.Size([512])  model=NOT IN MODEL -> re-initialized
    activity_head.vit.1.ffn.0.weight: ckpt=torch.Size([512])  model=NOT IN MODEL -> re-initialized
    activity_head.vit.1.ffn.0.bias: ckpt=torch.Size([512])  model=NOT IN MODEL -> re-initialized
    activity_head.vit.1.ffn.1.weight: ckpt=torch.Size([2048, 512])  model=NOT IN MODEL -> re-initialized
    activity_head.vit.1.ffn.1.bias: ckpt=torch.Size([2048])  model=NOT IN MODEL -> re-initialized
    activity_head.vit.1.ffn.4.weight: ckpt=torch.Size([512, 2048])  model=NOT IN MODEL -> re-initialized
    activity_head.vit.1.ffn.4.bias: ckpt=torch.Size([512])  model=NOT IN MODEL -> re-initialized
    activity_head.activity_classifier.0.weight: ckpt=torch.Size([512])  model=NOT IN MODEL -> re-initialized
    activity_head.activity_classifier.0.bias: ckpt=torch.Size([512])  model=NOT IN MODEL -> re-initialized
    activity_head.activity_classifier.2.weight: ckpt=torch.Size([41, 512])  model=NOT IN MODEL -> re-initialized
    activity_head.activity_classifier.2.bias: ckpt=torch.Size([41])  model=NOT IN MODEL -> re-initialized
  EMA shadow weights restored from checkpoint.
  Could not restore optimizer state (loaded state dict contains a parameter group that doesn't match the size of optimizer's group). Re-initialized -- LR schedule continues.
Resumed from epoch 7, best=0.0000
  Restored _global_step=4792 from checkpoint (step-based val cadence)
  Restored Kendall log_vars from checkpoint: det=0.000  head_pose=0.000  act=0.000  psr=0.000
  Keeping learned Kendall log_var params (epoch 7 >= warmup=2): det=0.000  head_pose=0.000  act=0.000  psr=0.000
============================================================
Starting training
  Epochs          : 2
  Batch size      : 4 x 8 = 32
  Learning rate   : backbone=5.0e-05, heads=5.0e-04
  Grad clip norm  : 5.0
  Mixed precision : False
  Early stopping  : patience=10
  Combined metric weights: det=0.3  act=0.35  pose=0.15  psr=0.2
============================================================
  [EPOCH_LOOP_EMPTY] _train_start_epoch=7 >= C.EPOCHS=2. Nothing to train — skipping epoch loop and proceeding to finalization. If this is unexpected, use --max-epochs (e.g. --max-epochs 12) OR drop --resume for a fresh run.
Training complete.
Best combined metric: 0.0000
Checkpoints: /media/newadmin/master/POPW/working/code/industreal_improved/code/industreal_improved/src/runs/rf_stages/checkpoints
