[config] hybrid mode: counted 188111 labeled frames from AR_labels.csv
[config] DET_GT_FRAME_FRACTION = 0.40 (train_det=True, train_act=True, train_psr=True)
[config] Applied preset "stage_rf4": RF4: All heads + PSR transition (100% data, 20 ep, verb-grouping).
[train] Applied preset: stage_rf4 (MIXED_PRECISION=False, STAGED_TRAINING=False, ZERO_DET_CONF_FOR_RECOVERY=False, USE_EMA=True, USE_MIXUP=False, BATCH_SIZE=4x8)
[train] Stage preset detected — redirected OUTPUT_ROOT to /media/newadmin/master/POPW/working/code/industreal_improved/code/industreal_improved/src/runs/rf_stages
[train] STAGED_TRAINING=False — all 5 heads active from epoch 0
Config hash: 96d96f905f00cd8c  (seed=42)
Config hash details: {"ALLOW_TF32": true, "BACKBONE": "convnext_tiny", "BASE_LR": 0.0005, "BATCH_SIZE": 4, "CUDNN_BENCHMARK": true, "CUDNN_DETERMINISTIC": false, "CUTMIX_ALPHA": 0.0, "EMA_DECAY": 0.995, "EPOCHS": 100, "FE
Config snapshot saved to /media/newadmin/master/POPW/working/code/industreal_improved/code/industreal_improved/src/runs/rf_stages/checkpoints/config.py
Device: cuda
GPU : NVIDIA GeForce RTX 5060 Ti
VRAM: 16.6 GB
[LOCK] PID lock acquired: PID=1147100, GPU=0
Could not log git commit: Command '['git', 'rev-parse', 'HEAD']' returned non-zero exit status 128.
Library versions: torch=2.12.1+cu130  torchvision=2.12.1+cu130  CUDA=13.0  Python=3.13.13
[CHECKLIST 34] Command and env vars saved to /media/newadmin/master/POPW/working/code/industreal_improved/code/industreal_improved/src/runs/rf_stages/logs/run_command.txt
Process nice level increased by +10.
Torch CPU threads capped: intraop=12 interop=4
CUDA memory fraction cap enabled: 0.95.
Ablation: TRAIN_DET=True  TRAIN_HEAD_POSE=True  TRAIN_ACT=True  TRAIN_PSR=True  USE_KENDALL=True
Config: DET_POS_IOU_THRESH=0.4  DET_POS_IOU_TOP_K=9  DET_POS_IOU_IOU_FLOOR=0.2  DET_OHEM_ENABLED=True  DET_ASYMMETRIC_GAMMA=True  DET_BIAS_LR_FACTOR=1.0  DET_LR_MULTIPLIER=1.0  KENDALL_HP_PREC_CAP=True  KENDALL_FIXED_WEIGHTS=False  KENDALL_HP_FIXED_LAMBDA=0.2  KENDALL_STAGED_TRAINING=False  DET_POS_ANCHOR_PROBE_EVERY=1000  _STAGE_NAME=
[CHECKLIST 32] Resolved config dumped to /media/newadmin/master/POPW/working/code/industreal_improved/code/industreal_improved/src/runs/rf_stages/logs/resolved_config.json (272 keys)
[CHECKLIST 35] === Hyperparameter snapshot ===
  BASE_LR = 0.0005
  DET_LR_MULTIPLIER = 1.0
  DET_BIAS_LR_FACTOR = 1.0
  POSE_LR_MULTIPLIER = None (not explicitly set — using training code default)
  HEAD_POSE_LR_MULTIPLIER = None (not explicitly set — using training code default)
  ACT_LR_MULTIPLIER = None (not explicitly set — using training code default)
  PSR_LR_MULTIPLIER = None (not explicitly set — using training code default)
  WEIGHT_DECAY = 0.001
  LR_SCHEDULER = None (not explicitly set — using training code default)
  LR_WARMUP_EPOCHS = None (not explicitly set — using training code default)
  LR_MIN_RATIO = None (not explicitly set — using training code default)
  CLIP_GRAD_NORM = None (not explicitly set — using training code default)
  BATCH_SIZE = 4
  EFFECTIVE_BATCH = 32
  GRAD_ACCUM_STEPS = 8
  EPOCHS = 100
  MIXED_PRECISION = False
  USE_EMA = True
  EMA_DECAY = 0.995
  USE_MIXUP = False
  LOSS_DET_CLASS_WEIGHT = None (not explicitly set — using training code default)
  LOSS_DET_BOX_WEIGHT = None (not explicitly set — using training code default)
  LOSS_DET_IOU_WEIGHT = None (not explicitly set — using training code default)
  LOSS_POSE_WEIGHT = None (not explicitly set — using training code default)
  LOSS_HEAD_POSE_WEIGHT = None (not explicitly set — using training code default)
  LOSS_ACT_WEIGHT = None (not explicitly set — using training code default)
  LOSS_PSR_WEIGHT = None (not explicitly set — using training code default)
  DET_POS_IOU_THRESH = 0.4
  DET_POS_IOU_TOP_K = 9
  DET_NEG_IOU_THRESH = 0.4
  DET_OHEM_ENABLED = True
  DET_ASYMMETRIC_GAMMA = True
  STAGED_TRAINING = False
  SUBSET_RATIO = 1.0
  NUM_WORKERS = 0
  SEED = 42
[CHECKLIST 35] All 36 hyperparameters validated — OK
Building datasets ...
[RAM_CACHE] Pre-loading 8000 train images as JPEG bytes (cap=8000)...
[RAM_CACHE] 1000/8000 scanned — 1000 cached, 0s
[RAM_CACHE] 2000/8000 scanned — 2000 cached, 0s
[RAM_CACHE] 3000/8000 scanned — 3000 cached, 0s
[RAM_CACHE] 4000/8000 scanned — 4000 cached, 0s
[RAM_CACHE] 5000/8000 scanned — 5000 cached, 0s
[RAM_CACHE] 6000/8000 scanned — 6000 cached, 0s
[RAM_CACHE] 7000/8000 scanned — 7000 cached, 0s
[RAM_CACHE] Cap reached (8000) — stopping cache fill
[RAM_CACHE] Done — 8000 images cached in 0s (~2734.4MB estimated)
[industreal_dataset] Loaded 26322 frames (split=train, recordings=all)
[RAM_CACHE] Pre-loading 2000 val images as JPEG bytes (cap=2000)...
[RAM_CACHE] 1000/2000 scanned — 1000 cached, 1s
[RAM_CACHE] Cap reached (2000) — stopping cache fill
[RAM_CACHE] Done — 2000 images cached in 2s (~683.6MB estimated)
[industreal_dataset] Loaded 38036 frames (split=val, recordings=all)
[get_sampler] DET_GT_FRAME_FRACTION=0.40: 4710/26322 (17.89%) frames carry GT boxes -> reweighted so ~40% of every batch is GT-bearing (was ~17.89% under base sampler).
[get_sampler] effective per-class sampling mass: 67 classes present, max/min ratio=7.4x (uniform would be 1.0x), max=0.0323 vs uniform=0.0149. Top-5 sampled class ids=[12, 57, 24, 23, 28]. Ratio >> 1 means DET_GT/task-aware reweighting is distorting activity balance.
[RAM_CACHE] Pre-loading 8000 train images as JPEG bytes (cap=8000)...
[RAM_CACHE] 1000/8000 scanned — 1000 cached, 0s
[RAM_CACHE] 2000/8000 scanned — 2000 cached, 0s
[RAM_CACHE] 3000/8000 scanned — 3000 cached, 0s
[RAM_CACHE] 4000/8000 scanned — 4000 cached, 0s
[RAM_CACHE] 5000/8000 scanned — 5000 cached, 0s
[RAM_CACHE] 6000/8000 scanned — 6000 cached, 0s
[RAM_CACHE] 7000/8000 scanned — 7000 cached, 0s
[RAM_CACHE] Cap reached (8000) — stopping cache fill
[RAM_CACHE] Done — 8000 images cached in 0s (~2734.4MB estimated)
[industreal_dataset] Sequence mode: 78679 windows (T=8, stride=1) across 36 recordings
[industreal_dataset] Loaded 26322 frames (split=train, recordings=all)
[get_sampler] DET_GT_FRAME_FRACTION=0.40: 4710/26322 (17.89%) frames carry GT boxes -> reweighted so ~40% of every batch is GT-bearing (was ~17.89% under base sampler).
[get_sampler] effective per-class sampling mass: 67 classes present, max/min ratio=7.4x (uniform would be 1.0x), max=0.0323 vs uniform=0.0149. Top-5 sampled class ids=[12, 57, 24, 23, 28]. Ratio >> 1 means DET_GT/task-aware reweighting is distorting activity balance.
[train] PSR sequence mode: len=78,679 samples (8 frames/window, stride=1)
Training samples  : 26,322
Validation samples: 38,036
Train loader: batch=4 workers=0 prefetch=1
Val   loader: batch=4 workers=0 prefetch=2
Building model ...
/media/newadmin/master/POPW/working/code/industreal_improved/code/industreal_improved/src/models/model.py:1589: UserWarning: enable_nested_tensor is True, but self.use_nested_tensor is False because encoder_layer.norm_first was True
  self.transformer = nn.TransformerEncoder(encoder_layer, num_layers=3)
[VRAM] Total=15.48GB Used=0.17GB Free=15.31GB Model=0.17GB Need>=2.00GB
EMA enabled: decay=0.995
Backbone type     : convnext_tiny
HeadPoseFiLM      : True
Hand-FiLM (PoseFiLM): True
VideoMAE stream   : False
Total parameters  : 46,468,910
Trainable params  : 45,020,197
  backbone       : 28,589,128
  fpn            :  4,474,880
  detection      :  5,305,596
  pose_head      :  1,643,793
  pose_film      :    841,216
  headpose_film  :    400,896
  activity_head  :    687,173
  psr_head       :  3,077,515
  feature_bank   :          0
  videomae_stream:          0
PSR per-component prevalence: [1.0, 0.8140000104904175, 0.8209999799728394, 0.5210000276565552, 0.19099999964237213, 0.6299999952316284, 0.6110000014305115, 0.44200000166893005, 0.44200000166893005, 0.34700000286102295, 0.22100000083446503]
Optimizer: AdamW with differential LR (backbone=0.1x, det_head=1x, heads=1x, act=1x, psr=1x, det_head_bias=1x, bias=0.3x, WD=0.001, bias WD=0)
Scheduler: OneCycleLR (pct_start=0.1, steps_per_epoch=1, max_lr=[2.50e-05, 2.50e-04, 2.50e-04, 2.50e-04, 2.50e-04, 2.50e-04, 7.50e-05, 0.00e+00, 2.50e-04])
/media/newadmin/master/POPW/working/code/industreal_improved/code/industreal_improved/src/training/train.py:3736: FutureWarning: `torch.cuda.amp.GradScaler(args...)` is deprecated. Please use `torch.amp.GradScaler('cuda', args...)` instead.
  scaler = torch.cuda.amp.GradScaler(enabled=C.MIXED_PRECISION)
[AUTO-RESUME] crash_recovery.pth (mtime=2026-07-02T00:42:05.216888) is newer than latest.pth (mtime=2026-07-02T00:08:51.369567) — auto-loading for resume. Use --resume latest.pth to ignore crash_recovery.
  Checkpoint load: 378/378 tensors loaded
  All checkpoint keys loaded (no shape mismatches).
  EMA shadow weights restored from checkpoint.
  Optimizer state restored.
Resumed from epoch 2, best=0.0000
  Restored _global_step=150 from checkpoint (step-based val cadence)
  Restored Kendall log_vars from checkpoint: det=0.000  head_pose=-1.000  act=0.000  psr=0.000
  Keeping learned Kendall log_var params (epoch 2 >= warmup=2): det=0.000  head_pose=-1.000  act=0.000  psr=0.000
============================================================
Starting training
  Epochs          : 100
  Batch size      : 4 x 8 = 32
  Learning rate   : backbone=5.0e-05, heads=5.0e-04
  Grad clip norm  : 5.0
  Mixed precision : False
  Early stopping  : patience=10
  Combined metric weights: det=0.3  act=0.35  pose=0.15  psr=0.2
============================================================

--- Epoch 2/99 ---
[get_sampler] DET_GT_FRAME_FRACTION=0.40: 3102/38036 (8.16%) frames carry GT boxes -> reweighted so ~40% of every batch is GT-bearing (was ~8.16% under base sampler).
[get_sampler] effective per-class sampling mass: 63 classes present, max/min ratio=21.7x (uniform would be 1.0x), max=0.0861 vs uniform=0.0159. Top-5 sampled class ids=[28, 42, 15, 9, 38]. Ratio >> 1 means DET_GT/task-aware reweighting is distorting activity balance.
  [STEP VAL] Intra-epoch validation every 2500 steps (gated at 200 batches)
Epoch 2 [no-staging]:   0%|          | 0/6580 [00:00<?, ?it/s]  [CRASH_RECOVERY] Saved epoch_start crash checkpoint to /media/newadmin/master/POPW/working/code/industreal_improved/code/industreal_improved/src/runs/rf_stages/checkpoints/crash_recovery.pth
/home/newadmin/miniconda3/lib/python3.13/site-packages/torch/autograd/graph.py:882: UserWarning: Memory Efficient attention defaults to a non-deterministic algorithm. To explicitly enable determinism call torch.use_deterministic_algorithms(True, warn_only=False). (Triggered internally at /pytorch/aten/src/ATen/native/transformers/cuda/attention_backward.cu:900.)
  return Variable._execution_engine.run_backward(  # Calls into the C++ engine to run the backward pass
  [LIVENESS_GRAD step=0] detection_head:ALIVE[RMS=5.43e-01|n=36] | pose_head:ALIVE[RMS=4.28e-02|n=8] | head_pose_head:ALIVE[RMS=1.67e+00|n=20] | activity_head:ALIVE[RMS=1.25e-02|n=8] | psr_head:ALIVE[RMS=2.86e+00|n=88] | psr_heads:[h0=3.37e+00[ALIVE],h1=2.99e+00[ALIVE],h2=3.28e+00[ALIVE],h3=2.47e+00[ALIVE],h4=3.33e+00[ALIVE],h5=2.25e+00[ALIVE],h6=2.37e+00[ALIVE],h7=2.82e+00[ALIVE],h8=2.88e+00[ALIVE],h9=2.72e+00[ALIVE],h10=2.57e+00[ALIVE]] | backbone:ALIVE[1.090e+00|n=178] | fpn:ALIVE[4.312e-01|n=16] | gpu_mem=1.26GB/7.93GB
[PSR_DEBUG step=0] pre_linear:  mean=0.0089 std=1.7106 min=-5.5826 max=4.8214
[PSR_DEBUG step=0] post_linear64: mean=-0.0025 std=0.9815 min=-2.5274 max=3.4520
[PSR_DEBUG step=0] post_gelu:   mean=0.2690 std=0.5916 min=-0.1699 max=3.4510
[PSR_DEBUG step=0] post_dropout: mean=0.2637 std=0.6065 min=-0.1807 max=3.6713
  [LIVENESS_GRAD step=0] detection_head:ALIVE[RMS=5.43e-01|n=36] | pose_head:ALIVE[RMS=4.28e-02|n=8] | head_pose_head:ALIVE[RMS=1.67e+00|n=20] | activity_head:ALIVE[RMS=1.25e-02|n=8] | psr_head:ALIVE[RMS=2.86e+00|n=88] | psr_heads:[h0=3.37e+00[ALIVE],h1=2.99e+00[ALIVE],h2=3.28e+00[ALIVE],h3=2.47e+00[ALIVE],h4=3.33e+00[ALIVE],h5=2.25e+00[ALIVE],h6=2.37e+00[ALIVE],h7=2.82e+00[ALIVE],h8=2.88e+00[ALIVE],h9=2.72e+00[ALIVE],h10=2.57e+00[ALIVE]] | backbone:ALIVE[1.090e+00|n=178] | fpn:ALIVE[4.312e-01|n=16] | gpu_mem=1.26GB/7.93GB
Epoch 2 [no-staging]:   0%|          | 0/6580 [00:14<?, ?it/s, loss=32.9382 det=4.4555(c=2.9613,g=0.7471) pose=7.8507 act=0.9257 psr=0.9247 wd=0.24]Epoch 2 [no-staging]:   0%|          | 1/6580 [00:14<26:33:38, 14.53s/it, loss=32.9382 det=4.4555(c=2.9613,g=0.7471) pose=7.8507 act=0.9257 psr=0.9247 wd=0.24]Epoch 2 [no-staging]:   0%|          | 1/6580 [00:16<26:33:38, 14.53s/it, loss=30.2121 det=2.7492(c=2.7332,g=0.0080) pose=8.2446 act=0.9072 psr=0.8326 wd=0.24]Epoch 2 [no-staging]:   0%|          | 2/6580 [00:16<13:06:05,  7.17s/it, loss=30.2121 det=2.7492(c=2.7332,g=0.0080) pose=8.2446 act=0.9072 psr=0.8326 wd=0.24]Epoch 2 [no-staging]:   0%|          | 2/6580 [00:17<13:06:05,  7.17s/it, loss=1.791 det=0.000 pose=0.000 act=0.000 psr=1.791 seq=1]                           Epoch 2 [no-staging]:   0%|          | 3/6580 [00:17<8:12:45,  4.50s/it, loss=1.791 det=0.000 pose=0.000 act=0.000 psr=1.791 seq=1] Epoch 2 [no-staging]:   0%|          | 3/6580 [00:19<8:12:45,  4.50s/it, loss=29.5722 det=3.4435(c=3.4256,g=0.0090) pose=8.2505 act=1.0325 psr=0.8018 wd=0.24]Epoch 2 [no-staging]:   0%|          | 4/6580 [00:19<6:09:23,  3.37s/it, loss=29.5722 det=3.4435(c=3.4256,g=0.0090) pose=8.2505 act=1.0325 psr=0.8018 wd=0.24]Epoch 2 [no-staging]:   0%|          | 4/6580 [00:20<6:09:23,  3.37s/it, loss=5.374 det=0.000 pose=0.000 act=0.000 psr=5.374 seq=1]                           Epoch 2 [no-staging]:   0%|          | 5/6580 [00:20<4:31:51,  2.48s/it, loss=5.374 det=0.000 pose=0.000 act=0.000 psr=5.374 seq=1]Epoch 2 [no-staging]:   0%|          | 5/6580 [00:22<4:31:51,  2.48s/it, loss=31.7142 det=2.8868(c=2.8660,g=0.0104) pose=8.2350 act=0.8603 psr=0.9486 wd=0.24]Epoch 2 [no-staging]:   0%|          | 6/6580 [00:22<4:02:42,  2.22s/it, loss=31.7142 det=2.8868(c=2.8660,g=0.0104) pose=8.2350 act=0.8603 psr=0.9486 wd=0.24]Epoch 2 [no-staging]:   0%|          | 6/6580 [00:22<4:02:42,  2.22s/it, loss=2.532 det=0.000 pose=0.000 act=0.000 psr=2.532 seq=1]                           Epoch 2 [no-staging]:   0%|          | 7/6580 [00:23<3:15:48,  1.79s/it, loss=2.532 det=0.000 pose=0.000 act=0.000 psr=2.532 seq=1]Epoch 2 [no-staging]:   0%|          | 7/6580 [00:24<6:29:26,  3.55s/it, loss=2.532 det=0.000 pose=0.000 act=0.000 psr=2.532 seq=1]
[PSR_DEBUG step=1] pre_linear:  mean=0.0264 std=1.6794 min=-5.8292 max=4.8042
[PSR_DEBUG step=1] post_linear64: mean=0.0213 std=0.8595 min=-2.3052 max=2.3902
[PSR_DEBUG step=1] post_gelu:   mean=0.2317 std=0.4996 min=-0.1699 max=2.3700
[PSR_DEBUG step=1] post_dropout: mean=0.2366 std=0.5288 min=-0.1807 max=2.5213
Traceback (most recent call last):
  File "/media/newadmin/master/POPW/working/code/industreal_improved/code/industreal_improved/src/training/train.py", line 5423, in <module>
    main(args)
    ~~~~^^^^^^
  File "/media/newadmin/master/POPW/working/code/industreal_improved/code/industreal_improved/src/training/train.py", line 4282, in main
    train_metrics = train_one_epoch(
        model,
    ...<14 lines>...
        distill_loss_fn=distill_loss_fn,
    )
  File "/media/newadmin/master/POPW/working/code/industreal_improved/code/industreal_improved/src/training/train.py", line 1886, in train_one_epoch
    scaler.step(optimizer)
    ~~~~~~~~~~~^^^^^^^^^^^
  File "/home/newadmin/miniconda3/lib/python3.13/site-packages/torch/amp/grad_scaler.py", line 400, in step
    return optimizer.step(*args, **kwargs)
           ~~~~~~~~~~~~~~^^^^^^^^^^^^^^^^^
  File "/home/newadmin/miniconda3/lib/python3.13/site-packages/torch/optim/lr_scheduler.py", line 166, in wrapper
    return func.__get__(opt, opt.__class__)(*args, **kwargs)
           ~~~~~~~~~~~~~~~~~~~~~~~~~~~~~~~~^^^^^^^^^^^^^^^^^
  File "/home/newadmin/miniconda3/lib/python3.13/site-packages/torch/optim/optimizer.py", line 535, in wrapper
    out = func(*args, **kwargs)
  File "/home/newadmin/miniconda3/lib/python3.13/site-packages/torch/optim/optimizer.py", line 80, in _use_grad
    ret = func(*args, **kwargs)
  File "/home/newadmin/miniconda3/lib/python3.13/site-packages/torch/optim/adam.py", line 248, in step
    adam(
    ~~~~^
        params_with_grad,
        ^^^^^^^^^^^^^^^^^
    ...<19 lines>...
        decoupled_weight_decay=group["decoupled_weight_decay"],
        ^^^^^^^^^^^^^^^^^^^^^^^^^^^^^^^^^^^^^^^^^^^^^^^^^^^^^^^
    )
    ^
  File "/home/newadmin/miniconda3/lib/python3.13/site-packages/torch/optim/optimizer.py", line 148, in maybe_fallback
    return func(*args, **kwargs)
  File "/home/newadmin/miniconda3/lib/python3.13/site-packages/torch/optim/adam.py", line 970, in adam
    func(
    ~~~~^
        params,
        ^^^^^^^
    ...<17 lines>...
        decoupled_weight_decay=decoupled_weight_decay,
        ^^^^^^^^^^^^^^^^^^^^^^^^^^^^^^^^^^^^^^^^^^^^^^
    )
    ^
  File "/home/newadmin/miniconda3/lib/python3.13/site-packages/torch/optim/adam.py", line 704, in _multi_tensor_adam
    torch._foreach_lerp_(
    ~~~~~~~~~~~~~~~~~~~~^
        device_exp_avgs, device_grads, cast(float, 1 - device_beta1)
        ^^^^^^^^^^^^^^^^^^^^^^^^^^^^^^^^^^^^^^^^^^^^^^^^^^^^^^^^^^^^
    )
    ^
RuntimeError: The size of tensor a (11) must match the size of tensor b (69) at non-singleton dimension 0
