[config] hybrid mode: cannot load dataset (Unable to allocate 148. KiB for an array with shape (3449, 11) and data type float32), falling back to pure verb
[config] hybrid mode: loaded 20578 labeled frames from dataset
[config] hybrid mode: loaded 20578 labeled frames from dataset
[config] hybrid mode: loaded 20578 labeled frames from dataset
[config] hybrid mode: loaded 20578 labeled frames from dataset
[config] hybrid mode: loaded 20578 labeled frames from dataset
[config] hybrid mode: loaded 20578 labeled frames from dataset
[config] hybrid mode: loaded 20578 labeled frames from dataset
[config] hybrid mode: loaded 20578 labeled frames from dataset
[config] hybrid mode: loaded 20578 labeled frames from dataset
[config] hybrid mode: loaded 20578 labeled frames from dataset
[config] hybrid mode: loaded 20578 labeled frames from dataset
[config] hybrid mode: loaded 20578 labeled frames from dataset
[config] hybrid mode: loaded 20578 labeled frames from dataset
[config] hybrid mode: loaded 20578 labeled frames from dataset
[config] hybrid mode: loaded 20578 labeled frames from dataset
[config] hybrid mode: loaded 20578 labeled frames from dataset
[config] hybrid mode: loaded 20578 labeled frames from dataset
[config] hybrid mode: loaded 20578 labeled frames from dataset
[config] hybrid mode: loaded 20578 labeled frames from dataset
[config] hybrid mode: loaded 20578 labeled frames from dataset
[config] hybrid mode: loaded 20578 labeled frames from dataset
[config] hybrid mode: loaded 20578 labeled frames from dataset
[config] hybrid mode: loaded 20578 labeled frames from dataset
[config] hybrid mode: loaded 20578 labeled frames from dataset
[config] hybrid mode: loaded 20578 labeled frames from dataset
[config] hybrid mode: loaded 20578 labeled frames from dataset
[config] hybrid mode: loaded 20578 labeled frames from dataset
[config] hybrid mode: loaded 20578 labeled frames from dataset
[config] hybrid mode: loaded 20578 labeled frames from dataset
[config] hybrid mode: loaded 20578 labeled frames from dataset
[config] hybrid mode: loaded 20578 labeled frames from dataset
[config] hybrid mode: loaded 20578 labeled frames from dataset
[config] hybrid mode: loaded 20578 labeled frames from dataset
[config] hybrid mode: loaded 20578 labeled frames from dataset
[config] hybrid mode: loaded 20578 labeled frames from dataset
[config] hybrid mode: loaded 20578 labeled frames from dataset
[config] hybrid mode: loaded 20578 labeled frames from dataset
[config] hybrid mode: loaded 20578 labeled frames from dataset
[config] hybrid mode: loaded 20578 labeled frames from dataset
[config] hybrid mode: loaded 20578 labeled frames from dataset
[config] hybrid mode: loaded 20578 labeled frames from dataset
[config] hybrid mode: loaded 20578 labeled frames from dataset
[config] hybrid mode: loaded 20578 labeled frames from dataset
Traceback (most recent call last):
  File "/media/newadmin/master/POPW/working/code/industreal_improved/code/industreal_improved/src/training/train.py", line 124, in <module>
    from src.training import losses as _losses_module
  File "/media/newadmin/master/POPW/working/code/industreal_improved/code/industreal_improved/src/training/losses.py", line 53, in <module>
    from torchvision.ops import box_iou, generalized_box_iou_loss
  File "/home/newadmin/miniconda3/lib/python3.13/site-packages/torchvision/__init__.py", line 8, in <module>
    from torchvision import (
    ^^^^^^^^^^^^^^^^^^^^^^^^^
    ...<8 lines>...
    )  # usort:skip
    ^
  File "/home/newadmin/miniconda3/lib/python3.13/site-packages/torchvision/_meta_registrations.py", line 163, in <module>
    @torch.library.register_fake("torchvision::nms")
     ~~~~~~~~~~~~~~~~~~~~~~~~~~~^^^^^^^^^^^^^^^^^^^^
  File "/home/newadmin/miniconda3/lib/python3.13/site-packages/torch/library.py", line 1085, in register
    use_lib._register_fake(
    ~~~~~~~~~~~~~~~~~~~~~~^
        op_name, func, _stacklevel=stacklevel + 1, allow_override=allow_override
        ^^^^^^^^^^^^^^^^^^^^^^^^^^^^^^^^^^^^^^^^^^^^^^^^^^^^^^^^^^^^^^^^^^^^^^^^
    )
    ^
  File "/home/newadmin/miniconda3/lib/python3.13/site-packages/torch/library.py", line 202, in _register_fake
    handle = entry.fake_impl.register(
        func_to_register, source, lib=self, allow_override=allow_override
    )
  File "/home/newadmin/miniconda3/lib/python3.13/site-packages/torch/_library/fake_impl.py", line 50, in register
    if torch._C._dispatch_has_kernel_for_dispatch_key(self.qualname, "Meta"):
       ~~~~~~~~~~~~~~~~~~~~~~~~~~~~~~~~~~~~~~~~~~~~~~^^^^^^^^^^^^^^^^^^^^^^^
RuntimeError: operator torchvision::nms does not exist
