Loading src/runs/rf_stages/checkpoints/best.pth...
Epoch: 18
[config] hybrid mode: counted 188111 labeled frames from AR_labels.csv
/media/newadmin/master/POPW/working/code/industreal_improved/code/industreal_improved/src/models/model.py:1589: UserWarning: enable_nested_tensor is True, but self.use_nested_tensor is False because encoder_layer.norm_first was True
  self.transformer = nn.TransformerEncoder(encoder_layer, num_layers=3)
  processed 2000...
  processed 4000...

Processed 5000 frames

--- Optimal per-component thresholds ---
  comp0: gt_pos=1.000, best_thresh=0.05, F1=1.0000
  comp1: gt_pos=0.927, best_thresh=0.20, F1=0.9650
  comp2: gt_pos=0.927, best_thresh=0.20, F1=0.9678
  comp3: gt_pos=0.541, best_thresh=0.85, F1=0.7264
  comp4: gt_pos=0.112, best_thresh=0.80, F1=0.4148
  comp5: gt_pos=0.541, best_thresh=0.50, F1=0.7075
  comp6: gt_pos=0.454, best_thresh=0.45, F1=0.6251
  comp7: gt_pos=0.733, best_thresh=0.90, F1=0.8514
  comp8: gt_pos=0.733, best_thresh=0.90, F1=0.9042
  comp9: gt_pos=0.617, best_thresh=0.05, F1=0.7628
  comp10: gt_pos=0.055, best_thresh=0.70, F1=0.6667

Optimal macro F1 (with per-comp thresholds): 0.7810

--- Comparison ---
Global 0.10 macro F1: 0.7013
Saved to src/runs/rf_stages/checkpoints/psr_optimal_thr_v2/optimal_thresholds.json
