Loading src/runs/rf_stages/checkpoints/best.pth...
[config] hybrid mode: counted 188111 labeled frames from AR_labels.csv
/media/newadmin/master/POPW/working/code/industreal_improved/code/industreal_improved/src/models/model.py:1589: UserWarning: enable_nested_tensor is True, but self.use_nested_tensor is False because encoder_layer.norm_first was True
  self.transformer = nn.TransformerEncoder(encoder_layer, num_layers=3)
  processed 2000 frames across 2 recordings...
  processed 4000 frames across 3 recordings...
  processed 6000 frames across 4 recordings...
  processed 8000 frames across 4 recordings...
  processed 10000 frames across 5 recordings...

Processed 10000 frames across 5 recordings

Results saved to src/runs/rf_stages/checkpoints/up_vector_v2/up_vector_per_recording.json

============================================================
Per-Recording Up-Vector Angular MAE (deg)
============================================================
       05_assy_0_1:  median=  1.16  IQR=[ 0.58,  1.92]  mean=  1.35  n= 1997
       14_main_2_2:  median=  1.21  IQR=[ 0.58,  2.10]  mean=  1.59  n= 1404
       14_main_2_3:  median=  1.34  IQR=[ 0.75,  2.11]  mean=  1.50  n= 1679
       20_assy_0_1:  median=  1.20  IQR=[ 0.57,  2.20]  mean=  1.57  n= 2854
       20_main_0_1:  median=  1.21  IQR=[ 0.63,  2.16]  mean=  1.50  n= 2066

--- Full Evaluation ---
  Median of per-recording medians: 1.21 deg
  IQR: [1.20, 1.22]

--- Outlier ---
  Recording: 14_main_2_3
  Median MAE: 1.34 deg
============================================================
